<?xml version="1.0" encoding="UTF-8"?>
<testng-results skipped="0" failed="1" ignored="1" total="22" passed="20">
  <reporter-output>
  </reporter-output>
  <suite name="All Test Suite" duration-ms="75" started-at="2020-06-15T00:40:05 BST" finished-at="2020-06-15T00:40:05 BST">
    <groups>
      <group name="smoke">
        <method signature="Step2Loan.ploan()[pri:0, instance:TestNGBasic.Step2Loan@56f4468b]" name="ploan" class="TestNGBasic.Step2Loan"/>
        <method signature="Step4HomeLoan.webHomeLoan()[pri:0, instance:TestNGBasic.Step4HomeLoan@3a82f6ef]" name="webHomeLoan" class="TestNGBasic.Step4HomeLoan"/>
        <method signature="Step5MobileTest.mobileCamera()[pri:0, instance:TestNGBasic.Step5MobileTest@100fc185]" name="mobileCamera" class="TestNGBasic.Step5MobileTest"/>
        <method signature="Step1TestNG.firstTestNG()[pri:0, instance:TestNGBasic.Step1TestNG@6cc4c815]" name="firstTestNG" class="TestNGBasic.Step1TestNG"/>
      </group> <!-- smoke -->
    </groups>
    <test name="Personal Loan" duration-ms="75" started-at="2020-06-15T00:40:05 BST" finished-at="2020-06-15T00:40:05 BST">
      <class name="TestNGBasic.Step5MobileTest">
        <test-method status="PASS" signature="beforeMethod()[pri:0, instance:TestNGBasic.Step5MobileTest@100fc185]" name="beforeMethod" is-config="true" duration-ms="0" started-at="2020-06-15T00:40:05 BST" finished-at="2020-06-15T00:40:05 BST">
          <reporter-output>
          </reporter-output>
        </test-method> <!-- beforeMethod -->
        <test-method status="PASS" signature="facebookLogin()[pri:0, instance:TestNGBasic.Step5MobileTest@100fc185]" name="facebookLogin" duration-ms="5" started-at="2020-06-15T00:40:05 BST" finished-at="2020-06-15T00:40:05 BST">
          <reporter-output>
          </reporter-output>
        </test-method> <!-- facebookLogin -->
        <test-method status="PASS" signature="afterMethod()[pri:0, instance:TestNGBasic.Step5MobileTest@100fc185]" name="afterMethod" is-config="true" duration-ms="1" started-at="2020-06-15T00:40:05 BST" finished-at="2020-06-15T00:40:05 BST">
          <reporter-output>
          </reporter-output>
        </test-method> <!-- afterMethod -->
        <test-method status="PASS" signature="beforeMethod()[pri:0, instance:TestNGBasic.Step5MobileTest@100fc185]" name="beforeMethod" is-config="true" duration-ms="1" started-at="2020-06-15T00:40:05 BST" finished-at="2020-06-15T00:40:05 BST">
          <reporter-output>
          </reporter-output>
        </test-method> <!-- beforeMethod -->
        <test-method status="PASS" signature="instaLogin()[pri:0, instance:TestNGBasic.Step5MobileTest@100fc185]" name="instaLogin" duration-ms="0" started-at="2020-06-15T00:40:05 BST" finished-at="2020-06-15T00:40:05 BST">
          <reporter-output>
          </reporter-output>
        </test-method> <!-- instaLogin -->
        <test-method status="PASS" signature="afterMethod()[pri:0, instance:TestNGBasic.Step5MobileTest@100fc185]" name="afterMethod" is-config="true" duration-ms="1" started-at="2020-06-15T00:40:05 BST" finished-at="2020-06-15T00:40:05 BST">
          <reporter-output>
          </reporter-output>
        </test-method> <!-- afterMethod -->
        <test-method status="PASS" signature="beforeMethod()[pri:0, instance:TestNGBasic.Step5MobileTest@100fc185]" name="beforeMethod" is-config="true" duration-ms="21" started-at="2020-06-15T00:40:05 BST" finished-at="2020-06-15T00:40:05 BST">
          <reporter-output>
          </reporter-output>
        </test-method> <!-- beforeMethod -->
        <test-method status="PASS" signature="mobileApp()[pri:0, instance:TestNGBasic.Step5MobileTest@100fc185]" name="mobileApp" duration-ms="1" started-at="2020-06-15T00:40:05 BST" finished-at="2020-06-15T00:40:05 BST">
          <reporter-output>
          </reporter-output>
        </test-method> <!-- mobileApp -->
        <test-method status="PASS" signature="afterMethod()[pri:0, instance:TestNGBasic.Step5MobileTest@100fc185]" name="afterMethod" is-config="true" duration-ms="0" started-at="2020-06-15T00:40:05 BST" finished-at="2020-06-15T00:40:05 BST">
          <reporter-output>
          </reporter-output>
        </test-method> <!-- afterMethod -->
        <test-method status="PASS" signature="mobileCamera()[pri:0, instance:TestNGBasic.Step5MobileTest@100fc185]" name="mobileCamera" duration-ms="0" started-at="2020-06-15T00:40:05 BST" finished-at="2020-06-15T00:40:05 BST">
          <reporter-output>
          </reporter-output>
        </test-method> <!-- mobileCamera -->
        <test-method status="PASS" signature="beforeMethod()[pri:0, instance:TestNGBasic.Step5MobileTest@100fc185]" name="beforeMethod" is-config="true" duration-ms="0" started-at="2020-06-15T00:40:05 BST" finished-at="2020-06-15T00:40:05 BST">
          <reporter-output>
          </reporter-output>
        </test-method> <!-- beforeMethod -->
        <test-method status="PASS" signature="beforeMethod()[pri:0, instance:TestNGBasic.Step5MobileTest@100fc185]" name="beforeMethod" is-config="true" duration-ms="1" started-at="2020-06-15T00:40:05 BST" finished-at="2020-06-15T00:40:05 BST">
          <reporter-output>
          </reporter-output>
        </test-method> <!-- beforeMethod -->
        <test-method status="PASS" signature="afterMethod()[pri:0, instance:TestNGBasic.Step5MobileTest@100fc185]" name="afterMethod" is-config="true" duration-ms="0" started-at="2020-06-15T00:40:05 BST" finished-at="2020-06-15T00:40:05 BST">
          <reporter-output>
          </reporter-output>
        </test-method> <!-- afterMethod -->
        <test-method status="PASS" signature="mobileFilemanager()[pri:0, instance:TestNGBasic.Step5MobileTest@100fc185]" name="mobileFilemanager" duration-ms="0" started-at="2020-06-15T00:40:05 BST" finished-at="2020-06-15T00:40:05 BST">
          <reporter-output>
          </reporter-output>
        </test-method> <!-- mobileFilemanager -->
        <test-method status="PASS" signature="afterMethod()[pri:0, instance:TestNGBasic.Step5MobileTest@100fc185]" name="afterMethod" is-config="true" duration-ms="1" started-at="2020-06-15T00:40:05 BST" finished-at="2020-06-15T00:40:05 BST">
          <reporter-output>
          </reporter-output>
        </test-method> <!-- afterMethod -->
        <test-method status="PASS" signature="beforeMethod()[pri:0, instance:TestNGBasic.Step5MobileTest@100fc185]" name="beforeMethod" is-config="true" duration-ms="0" started-at="2020-06-15T00:40:05 BST" finished-at="2020-06-15T00:40:05 BST">
          <reporter-output>
          </reporter-output>
        </test-method> <!-- beforeMethod -->
        <test-method status="PASS" signature="mobileGallery()[pri:0, instance:TestNGBasic.Step5MobileTest@100fc185]" name="mobileGallery" duration-ms="0" started-at="2020-06-15T00:40:05 BST" finished-at="2020-06-15T00:40:05 BST">
          <reporter-output>
          </reporter-output>
        </test-method> <!-- mobileGallery -->
        <test-method status="PASS" signature="afterMethod()[pri:0, instance:TestNGBasic.Step5MobileTest@100fc185]" name="afterMethod" is-config="true" duration-ms="0" started-at="2020-06-15T00:40:05 BST" finished-at="2020-06-15T00:40:05 BST">
          <reporter-output>
          </reporter-output>
        </test-method> <!-- afterMethod -->
        <test-method status="PASS" signature="beforeMethod()[pri:0, instance:TestNGBasic.Step5MobileTest@100fc185]" name="beforeMethod" is-config="true" duration-ms="0" started-at="2020-06-15T00:40:05 BST" finished-at="2020-06-15T00:40:05 BST">
          <reporter-output>
          </reporter-output>
        </test-method> <!-- beforeMethod -->
        <test-method status="PASS" signature="afterMethod()[pri:0, instance:TestNGBasic.Step5MobileTest@100fc185]" name="afterMethod" is-config="true" duration-ms="1" started-at="2020-06-15T00:40:05 BST" finished-at="2020-06-15T00:40:05 BST">
          <reporter-output>
          </reporter-output>
        </test-method> <!-- afterMethod -->
        <test-method status="PASS" signature="mobileLogin()[pri:0, instance:TestNGBasic.Step5MobileTest@100fc185]" name="mobileLogin" duration-ms="0" started-at="2020-06-15T00:40:05 BST" finished-at="2020-06-15T00:40:05 BST">
          <reporter-output>
          </reporter-output>
        </test-method> <!-- mobileLogin -->
        <test-method status="PASS" signature="beforeMethod()[pri:0, instance:TestNGBasic.Step5MobileTest@100fc185]" name="beforeMethod" is-config="true" duration-ms="1" started-at="2020-06-15T00:40:05 BST" finished-at="2020-06-15T00:40:05 BST">
          <reporter-output>
          </reporter-output>
        </test-method> <!-- beforeMethod -->
        <test-method status="PASS" signature="afterMethod()[pri:0, instance:TestNGBasic.Step5MobileTest@100fc185]" name="afterMethod" is-config="true" duration-ms="1" started-at="2020-06-15T00:40:05 BST" finished-at="2020-06-15T00:40:05 BST">
          <reporter-output>
          </reporter-output>
        </test-method> <!-- afterMethod -->
        <test-method status="PASS" signature="mobileName()[pri:0, instance:TestNGBasic.Step5MobileTest@100fc185]" name="mobileName" duration-ms="0" started-at="2020-06-15T00:40:05 BST" finished-at="2020-06-15T00:40:05 BST">
          <reporter-output>
          </reporter-output>
        </test-method> <!-- mobileName -->
        <test-method status="PASS" signature="beforeMethod()[pri:0, instance:TestNGBasic.Step5MobileTest@100fc185]" name="beforeMethod" is-config="true" duration-ms="1" started-at="2020-06-15T00:40:05 BST" finished-at="2020-06-15T00:40:05 BST">
          <reporter-output>
          </reporter-output>
        </test-method> <!-- beforeMethod -->
        <test-method status="PASS" signature="afterMethod()[pri:0, instance:TestNGBasic.Step5MobileTest@100fc185]" name="afterMethod" is-config="true" duration-ms="1" started-at="2020-06-15T00:40:05 BST" finished-at="2020-06-15T00:40:05 BST">
          <reporter-output>
          </reporter-output>
        </test-method> <!-- afterMethod -->
        <test-method status="PASS" signature="mobileRegister()[pri:0, instance:TestNGBasic.Step5MobileTest@100fc185]" name="mobileRegister" duration-ms="0" started-at="2020-06-15T00:40:05 BST" finished-at="2020-06-15T00:40:05 BST">
          <reporter-output>
          </reporter-output>
        </test-method> <!-- mobileRegister -->
      </class> <!-- TestNGBasic.Step5MobileTest -->
      <class name="TestNGBasic.Step2Loan">
        <test-method status="PASS" signature="prerequiest()[pri:0, instance:TestNGBasic.Step2Loan@56f4468b]" name="prerequiest" is-config="true" duration-ms="0" started-at="2020-06-15T00:40:05 BST" finished-at="2020-06-15T00:40:05 BST">
          <reporter-output>
          </reporter-output>
        </test-method> <!-- prerequiest -->
        <test-method status="PASS" signature="ploan()[pri:0, instance:TestNGBasic.Step2Loan@56f4468b]" name="ploan" duration-ms="1" started-at="2020-06-15T00:40:05 BST" finished-at="2020-06-15T00:40:05 BST">
          <reporter-output>
          </reporter-output>
        </test-method> <!-- ploan -->
      </class> <!-- TestNGBasic.Step2Loan -->
      <class name="TestNGBasic.Step1TestNG">
        <test-method status="PASS" signature="firstTestNG()[pri:0, instance:TestNGBasic.Step1TestNG@6cc4c815]" name="firstTestNG" duration-ms="2" started-at="2020-06-15T00:40:05 BST" finished-at="2020-06-15T00:40:05 BST">
          <reporter-output>
          </reporter-output>
        </test-method> <!-- firstTestNG -->
        <test-method status="PASS" signature="secondTest(java.lang.String, java.lang.String)[pri:0, instance:TestNGBasic.Step1TestNG@6cc4c815]" name="secondTest" duration-ms="2" started-at="2020-06-15T00:40:05 BST" finished-at="2020-06-15T00:40:05 BST">
          <params>
            <param index="0">
              <value>
                <![CDATA[carloan.com]]>
              </value>
            </param>
            <param index="1">
              <value>
                <![CDATA[124546]]>
              </value>
            </param>
          </params>
          <reporter-output>
          </reporter-output>
        </test-method> <!-- secondTest -->
        <test-method status="PASS" signature="afterTest()[pri:0, instance:TestNGBasic.Step1TestNG@6cc4c815]" name="afterTest" is-config="true" duration-ms="0" started-at="2020-06-15T00:40:05 BST" finished-at="2020-06-15T00:40:05 BST">
          <reporter-output>
          </reporter-output>
        </test-method> <!-- afterTest -->
      </class> <!-- TestNGBasic.Step1TestNG -->
      <class name="TestNGBasic.Step6DataProvider">
        <test-method status="PASS" signature="setData(java.lang.String, java.lang.String)[pri:0, instance:TestNGBasic.Step6DataProvider@643b1d11]" name="setData" duration-ms="2" started-at="2020-06-15T00:40:05 BST" data-provider="getData" finished-at="2020-06-15T00:40:05 BST">
          <params>
            <param index="0">
              <value>
                <![CDATA[FirstName]]>
              </value>
            </param>
            <param index="1">
              <value>
                <![CDATA[Firstpassword]]>
              </value>
            </param>
          </params>
          <reporter-output>
          </reporter-output>
        </test-method> <!-- setData -->
        <test-method status="PASS" signature="setData(java.lang.String, java.lang.String)[pri:0, instance:TestNGBasic.Step6DataProvider@643b1d11]" name="setData" duration-ms="1" started-at="2020-06-15T00:40:05 BST" data-provider="getData" finished-at="2020-06-15T00:40:05 BST">
          <params>
            <param index="0">
              <value>
                <![CDATA[SecondName]]>
              </value>
            </param>
            <param index="1">
              <value>
                <![CDATA[Secondpassword]]>
              </value>
            </param>
          </params>
          <reporter-output>
          </reporter-output>
        </test-method> <!-- setData -->
        <test-method status="PASS" signature="setData(java.lang.String, java.lang.String)[pri:0, instance:TestNGBasic.Step6DataProvider@643b1d11]" name="setData" duration-ms="0" started-at="2020-06-15T00:40:05 BST" data-provider="getData" finished-at="2020-06-15T00:40:05 BST">
          <params>
            <param index="0">
              <value>
                <![CDATA[ThirdName]]>
              </value>
            </param>
            <param index="1">
              <value>
                <![CDATA[Thirdpassword]]>
              </value>
            </param>
          </params>
          <reporter-output>
          </reporter-output>
        </test-method> <!-- setData -->
      </class> <!-- TestNGBasic.Step6DataProvider -->
      <class name="TestNGBasic.Step4HomeLoan">
        <test-method status="PASS" signature="beforeClass()[pri:0, instance:TestNGBasic.Step4HomeLoan@3a82f6ef]" name="beforeClass" is-config="true" duration-ms="1" started-at="2020-06-15T00:40:05 BST" finished-at="2020-06-15T00:40:05 BST">
          <reporter-output>
          </reporter-output>
        </test-method> <!-- beforeClass -->
        <test-method status="PASS" signature="apiHomeloan()[pri:0, instance:TestNGBasic.Step4HomeLoan@3a82f6ef]" name="apiHomeloan" duration-ms="1" started-at="2020-06-15T00:40:05 BST" finished-at="2020-06-15T00:40:05 BST">
          <reporter-output>
          </reporter-output>
        </test-method> <!-- apiHomeloan -->
        <test-method status="FAIL" signature="mobileHomeLoan()[pri:0, instance:TestNGBasic.Step4HomeLoan@3a82f6ef]" name="mobileHomeLoan" duration-ms="4" started-at="2020-06-15T00:40:05 BST" finished-at="2020-06-15T00:40:05 BST">
          <exception class="java.lang.AssertionError">
            <message>
              <![CDATA[expected [true] but found [false]]]>
            </message>
            <full-stacktrace>
              <![CDATA[java.lang.AssertionError: expected [true] but found [false]
at org.testng.Assert.fail(Assert.java:97)
at org.testng.Assert.failNotEquals(Assert.java:969)
at org.testng.Assert.assertTrue(Assert.java:43)
at org.testng.Assert.assertTrue(Assert.java:53)
at TestNGBasic.Step4HomeLoan.mobileHomeLoan(Step4HomeLoan.java:28)
at sun.reflect.NativeMethodAccessorImpl.invoke0(Native Method)
at sun.reflect.NativeMethodAccessorImpl.invoke(NativeMethodAccessorImpl.java:62)
at sun.reflect.DelegatingMethodAccessorImpl.invoke(DelegatingMethodAccessorImpl.java:43)
at java.lang.reflect.Method.invoke(Method.java:498)
at org.testng.internal.MethodInvocationHelper.invokeMethod(MethodInvocationHelper.java:134)
at org.testng.internal.TestInvoker.invokeMethod(TestInvoker.java:597)
at org.testng.internal.TestInvoker.invokeTestMethod(TestInvoker.java:173)
at org.testng.internal.MethodRunner.runInSequence(MethodRunner.java:46)
at org.testng.internal.TestInvoker$MethodInvocationAgent.invoke(TestInvoker.java:816)
at org.testng.internal.TestInvoker.invokeTestMethods(TestInvoker.java:146)
at org.testng.internal.TestMethodWorker.invokeTestMethods(TestMethodWorker.java:146)
at org.testng.internal.TestMethodWorker.run(TestMethodWorker.java:128)
at java.util.concurrent.ThreadPoolExecutor.runWorker(ThreadPoolExecutor.java:1149)
at java.util.concurrent.ThreadPoolExecutor$Worker.run(ThreadPoolExecutor.java:624)
at java.lang.Thread.run(Thread.java:748)
]]>
            </full-stacktrace>
          </exception> <!-- java.lang.AssertionError -->
          <reporter-output>
          </reporter-output>
        </test-method> <!-- mobileHomeLoan -->
        <test-method status="PASS" signature="webHomeLoan()[pri:0, instance:TestNGBasic.Step4HomeLoan@3a82f6ef]" name="webHomeLoan" duration-ms="0" started-at="2020-06-15T00:40:05 BST" finished-at="2020-06-15T00:40:05 BST">
          <reporter-output>
          </reporter-output>
        </test-method> <!-- webHomeLoan -->
        <test-method status="PASS" signature="afterClass()[pri:0, instance:TestNGBasic.Step4HomeLoan@3a82f6ef]" name="afterClass" is-config="true" duration-ms="1" started-at="2020-06-15T00:40:05 BST" finished-at="2020-06-15T00:40:05 BST">
          <reporter-output>
          </reporter-output>
        </test-method> <!-- afterClass -->
      </class> <!-- TestNGBasic.Step4HomeLoan -->
      <class name="TestNGBasic.Step3CarLoan">
        <test-method status="PASS" signature="beforeSuite()[pri:0, instance:TestNGBasic.Step3CarLoan@5d5eef3d]" name="beforeSuite" is-config="true" duration-ms="11" started-at="2020-06-15T00:40:05 BST" finished-at="2020-06-15T00:40:05 BST">
          <reporter-output>
          </reporter-output>
        </test-method> <!-- beforeSuite -->
        <test-method status="PASS" signature="webCarLoan(java.lang.String)[pri:0, instance:TestNGBasic.Step3CarLoan@5d5eef3d]" name="webCarLoan" duration-ms="2" started-at="2020-06-15T00:40:05 BST" finished-at="2020-06-15T00:40:05 BST">
          <params>
            <param index="0">
              <value>
                <![CDATA[personallogin.com]]>
              </value>
            </param>
          </params>
          <reporter-output>
          </reporter-output>
        </test-method> <!-- webCarLoan -->
        <test-method status="PASS" signature="mobileCarLoan(java.lang.String)[pri:0, instance:TestNGBasic.Step3CarLoan@5d5eef3d]" name="mobileCarLoan" duration-ms="0" started-at="2020-06-15T00:40:05 BST" finished-at="2020-06-15T00:40:05 BST">
          <params>
            <param index="0">
              <value>
                <![CDATA[personallogin.com]]>
              </value>
            </param>
          </params>
          <reporter-output>
          </reporter-output>
        </test-method> <!-- mobileCarLoan -->
        <test-method status="PASS" signature="apiCarloan()[pri:0, instance:TestNGBasic.Step3CarLoan@5d5eef3d]" name="apiCarloan" duration-ms="2" started-at="2020-06-15T00:40:05 BST" depends-on-methods="TestNGBasic.Step3CarLoan.webCarLoan" finished-at="2020-06-15T00:40:05 BST">
          <reporter-output>
          </reporter-output>
        </test-method> <!-- apiCarloan -->
        <test-method status="PASS" signature="afterSuite()[pri:0, instance:TestNGBasic.Step3CarLoan@5d5eef3d]" name="afterSuite" is-config="true" duration-ms="1" started-at="2020-06-15T00:40:05 BST" finished-at="2020-06-15T00:40:05 BST">
          <reporter-output>
          </reporter-output>
        </test-method> <!-- afterSuite -->
      </class> <!-- TestNGBasic.Step3CarLoan -->
    </test> <!-- Personal Loan -->
  </suite> <!-- All Test Suite -->
</testng-results>
